[2014-04-20 10:11:10] MoviesRepositoryTest::testGetCurrentMovies.INFO: PASSED [] []
[2014-04-20 10:11:16] MoviesRepositoryTest::testGetCurrentMovies.ALERT: Undefined variable: articles [] []
[2014-04-20 10:11:16] MoviesRepositoryTest::testGetCurrentMovies.INFO: # ERROR # [] []
[2014-04-20 10:11:16] MoviesRepositoryTest::testGetCurrentMovies.INFO: PASSED [] []
[2014-04-20 10:11:40] MoviesRepositoryTest::testGetCurrentMovies.INFO: PASSED [] []
[2014-04-20 10:11:47] MoviesRepositoryTest::testGetCurrentMovies.ALERT: Failed asserting that 2 matches expected 0. [] []
[2014-04-20 10:11:47] MoviesRepositoryTest::testGetCurrentMovies.INFO: # FAILED # [] []
[2014-04-20 10:11:47] MoviesRepositoryTest::testGetCurrentMovies.INFO: PASSED [] []
[2014-04-20 10:14:02] MoviesRepositoryTest::testGetCurrentMovies.INFO: PASSED [] []
[2014-04-20 10:14:02] MoviesRepositoryTest::testSearch.INFO: PASSED [] []
[2014-04-20 10:14:39] MoviesRepositoryTest::testGetCurrentMovies.INFO: PASSED [] []
[2014-04-20 10:14:40] MoviesRepositoryTest::testSearch.ALERT: Failed asserting that 0 matches expected 1. [] []
[2014-04-20 10:14:40] MoviesRepositoryTest::testSearch.INFO: # FAILED # [] []
[2014-04-20 10:14:40] MoviesRepositoryTest::testSearch.INFO: PASSED [] []
[2014-04-20 10:14:54] MoviesRepositoryTest::testGetCurrentMovies.INFO: PASSED [] []
[2014-04-20 10:14:56] MoviesRepositoryTest::testSearch.INFO: PASSED [] []
[2014-04-20 10:16:35] MoviesRepositoryTest::testGetCurrentMovies.INFO: PASSED [] []
[2014-04-20 10:16:35] MoviesRepositoryTest::testSearch.INFO: PASSED [] []
[2014-04-20 10:17:29] MoviesRepositoryTest::testGetCurrentMovies.INFO: PASSED [] []
[2014-04-20 10:17:29] MoviesRepositoryTest::testSearch.INFO: PASSED [] []
[2014-04-20 10:17:29] MoviesRepositoryTest::testGetMoviesByCity.ALERT: Failed asserting that 0 matches expected 2. [] []
[2014-04-20 10:17:29] MoviesRepositoryTest::testGetMoviesByCity.INFO: # FAILED # [] []
[2014-04-20 10:17:29] MoviesRepositoryTest::testGetMoviesByCity.INFO: PASSED [] []
[2014-04-20 10:17:59] MoviesRepositoryTest::testGetCurrentMovies.INFO: PASSED [] []
[2014-04-20 10:17:59] MoviesRepositoryTest::testSearch.INFO: PASSED [] []
[2014-04-20 10:17:59] MoviesRepositoryTest::testGetMoviesByCity.ALERT: Failed asserting that 0 matches expected 1. [] []
[2014-04-20 10:17:59] MoviesRepositoryTest::testGetMoviesByCity.INFO: # FAILED # [] []
[2014-04-20 10:17:59] MoviesRepositoryTest::testGetMoviesByCity.INFO: PASSED [] []
[2014-04-20 10:18:58] MoviesRepositoryTest::testGetCurrentMovies.INFO: PASSED [] []
[2014-04-20 10:18:58] MoviesRepositoryTest::testSearch.INFO: PASSED [] []
[2014-04-20 10:18:58] MoviesRepositoryTest::testGetMoviesByCity.ALERT: Failed asserting that 0 matches expected 1. [] []
[2014-04-20 10:18:58] MoviesRepositoryTest::testGetMoviesByCity.INFO: # FAILED # [] []
[2014-04-20 10:18:58] MoviesRepositoryTest::testGetMoviesByCity.INFO: PASSED [] []
[2014-04-20 10:20:06] MoviesRepositoryTest::testGetCurrentMovies.ALERT: Failed asserting that 1 matches expected 2. [] []
[2014-04-20 10:20:06] MoviesRepositoryTest::testGetCurrentMovies.INFO: # FAILED # [] []
[2014-04-20 10:20:06] MoviesRepositoryTest::testGetCurrentMovies.INFO: PASSED [] []
[2014-04-20 10:20:06] MoviesRepositoryTest::testSearch.INFO: PASSED [] []
[2014-04-20 10:20:06] MoviesRepositoryTest::testGetMoviesByCity.ALERT: Failed asserting that 0 matches expected 1. [] []
[2014-04-20 10:20:06] MoviesRepositoryTest::testGetMoviesByCity.INFO: # FAILED # [] []
[2014-04-20 10:20:06] MoviesRepositoryTest::testGetMoviesByCity.INFO: PASSED [] []
[2014-04-20 10:20:22] MoviesRepositoryTest::testGetCurrentMovies.ALERT: Failed asserting that 1 matches expected 2. [] []
[2014-04-20 10:20:22] MoviesRepositoryTest::testGetCurrentMovies.INFO: # FAILED # [] []
[2014-04-20 10:20:22] MoviesRepositoryTest::testGetCurrentMovies.INFO: PASSED [] []
[2014-04-20 10:20:22] MoviesRepositoryTest::testSearch.INFO: PASSED [] []
[2014-04-20 10:20:22] MoviesRepositoryTest::testGetMoviesByCity.INFO: PASSED [] []
[2014-04-20 10:20:36] MoviesRepositoryTest::testGetCurrentMovies.ALERT: Failed asserting that 1 matches expected 2. [] []
[2014-04-20 10:20:36] MoviesRepositoryTest::testGetCurrentMovies.INFO: # FAILED # [] []
[2014-04-20 10:20:36] MoviesRepositoryTest::testGetCurrentMovies.INFO: PASSED [] []
[2014-04-20 10:20:36] MoviesRepositoryTest::testSearch.INFO: PASSED [] []
[2014-04-20 10:20:36] MoviesRepositoryTest::testGetMoviesByCity.ALERT: Failed asserting that 1 matches expected 2. [] []
[2014-04-20 10:20:36] MoviesRepositoryTest::testGetMoviesByCity.INFO: # FAILED # [] []
[2014-04-20 10:20:36] MoviesRepositoryTest::testGetMoviesByCity.INFO: PASSED [] []
[2014-04-20 10:20:43] MoviesRepositoryTest::testGetCurrentMovies.ALERT: Failed asserting that 1 matches expected 2. [] []
[2014-04-20 10:20:43] MoviesRepositoryTest::testGetCurrentMovies.INFO: # FAILED # [] []
[2014-04-20 10:20:43] MoviesRepositoryTest::testGetCurrentMovies.INFO: PASSED [] []
[2014-04-20 10:20:43] MoviesRepositoryTest::testSearch.INFO: PASSED [] []
[2014-04-20 10:20:43] MoviesRepositoryTest::testGetMoviesByCity.ALERT: Failed asserting that 0 matches expected 2. [] []
[2014-04-20 10:20:43] MoviesRepositoryTest::testGetMoviesByCity.INFO: # FAILED # [] []
[2014-04-20 10:20:43] MoviesRepositoryTest::testGetMoviesByCity.INFO: PASSED [] []
[2014-04-20 10:21:10] MoviesRepositoryTest::testGetCurrentMovies.ALERT: Failed asserting that 1 matches expected 2. [] []
[2014-04-20 10:21:10] MoviesRepositoryTest::testGetCurrentMovies.INFO: # FAILED # [] []
[2014-04-20 10:21:10] MoviesRepositoryTest::testGetCurrentMovies.INFO: PASSED [] []
[2014-04-20 10:21:10] MoviesRepositoryTest::testSearch.INFO: PASSED [] []
[2014-04-20 10:21:10] MoviesRepositoryTest::testGetMoviesByCity.ALERT: Failed asserting that 0 matches expected 2. [] []
[2014-04-20 10:21:10] MoviesRepositoryTest::testGetMoviesByCity.INFO: # FAILED # [] []
[2014-04-20 10:21:10] MoviesRepositoryTest::testGetMoviesByCity.INFO: PASSED [] []
[2014-04-20 10:21:31] MoviesRepositoryTest::testGetCurrentMovies.INFO: PASSED [] []
[2014-04-20 10:21:31] MoviesRepositoryTest::testSearch.INFO: PASSED [] []
[2014-04-20 10:21:31] MoviesRepositoryTest::testGetMoviesByCity.ALERT: Failed asserting that 0 matches expected 2. [] []
[2014-04-20 10:21:31] MoviesRepositoryTest::testGetMoviesByCity.INFO: # FAILED # [] []
[2014-04-20 10:21:31] MoviesRepositoryTest::testGetMoviesByCity.INFO: PASSED [] []
[2014-04-20 10:21:44] MoviesRepositoryTest::testGetCurrentMovies.INFO: PASSED [] []
[2014-04-20 10:21:44] MoviesRepositoryTest::testSearch.INFO: PASSED [] []
[2014-04-20 10:21:44] MoviesRepositoryTest::testGetMoviesByCity.ALERT: Failed asserting that 1 matches expected 2. [] []
[2014-04-20 10:21:44] MoviesRepositoryTest::testGetMoviesByCity.INFO: # FAILED # [] []
[2014-04-20 10:21:44] MoviesRepositoryTest::testGetMoviesByCity.INFO: PASSED [] []
[2014-04-20 10:22:08] MoviesRepositoryTest::testGetCurrentMovies.INFO: PASSED [] []
[2014-04-20 10:22:08] MoviesRepositoryTest::testSearch.INFO: PASSED [] []
[2014-04-20 10:22:08] MoviesRepositoryTest::testGetMoviesByCity.ALERT: Failed asserting that 0 matches expected 2. [] []
[2014-04-20 10:22:08] MoviesRepositoryTest::testGetMoviesByCity.INFO: # FAILED # [] []
[2014-04-20 10:22:08] MoviesRepositoryTest::testGetMoviesByCity.INFO: PASSED [] []
[2014-04-20 10:22:36] MoviesRepositoryTest::testGetCurrentMovies.INFO: PASSED [] []
[2014-04-20 10:22:36] MoviesRepositoryTest::testSearch.INFO: PASSED [] []
[2014-04-20 10:22:36] MoviesRepositoryTest::testGetMoviesByCity.ALERT: Failed asserting that 0 matches expected 2. [] []
[2014-04-20 10:22:36] MoviesRepositoryTest::testGetMoviesByCity.INFO: # FAILED # [] []
[2014-04-20 10:22:36] MoviesRepositoryTest::testGetMoviesByCity.INFO: PASSED [] []
[2014-04-20 10:22:41] MoviesRepositoryTest::testGetCurrentMovies.INFO: PASSED [] []
[2014-04-20 10:22:41] MoviesRepositoryTest::testSearch.INFO: PASSED [] []
[2014-04-20 10:22:41] MoviesRepositoryTest::testGetMoviesByCity.ALERT: Failed asserting that 0 matches expected 2. [] []
[2014-04-20 10:22:41] MoviesRepositoryTest::testGetMoviesByCity.INFO: # FAILED # [] []
[2014-04-20 10:22:41] MoviesRepositoryTest::testGetMoviesByCity.INFO: PASSED [] []
[2014-04-20 10:22:52] MoviesRepositoryTest::testGetCurrentMovies.INFO: PASSED [] []
[2014-04-20 10:22:52] MoviesRepositoryTest::testSearch.INFO: PASSED [] []
[2014-04-20 10:22:52] MoviesRepositoryTest::testGetMoviesByCity.ALERT: Failed asserting that 0 matches expected 2. [] []
[2014-04-20 10:22:52] MoviesRepositoryTest::testGetMoviesByCity.INFO: # FAILED # [] []
[2014-04-20 10:22:52] MoviesRepositoryTest::testGetMoviesByCity.INFO: PASSED [] []
[2014-04-20 10:23:05] MoviesRepositoryTest::testGetCurrentMovies.INFO: PASSED [] []
[2014-04-20 10:23:05] MoviesRepositoryTest::testSearch.INFO: PASSED [] []
[2014-04-20 10:23:05] MoviesRepositoryTest::testGetMoviesByCity.ALERT: Failed asserting that 0 matches expected 2. [] []
[2014-04-20 10:23:05] MoviesRepositoryTest::testGetMoviesByCity.INFO: # FAILED # [] []
[2014-04-20 10:23:05] MoviesRepositoryTest::testGetMoviesByCity.INFO: PASSED [] []
[2014-04-20 10:23:18] MoviesRepositoryTest::testGetCurrentMovies.INFO: PASSED [] []
[2014-04-20 10:23:18] MoviesRepositoryTest::testSearch.INFO: PASSED [] []
[2014-04-20 10:23:18] MoviesRepositoryTest::testGetMoviesByCity.INFO: PASSED [] []
[2014-04-20 10:23:26] MoviesRepositoryTest::testGetCurrentMovies.INFO: PASSED [] []
[2014-04-20 10:23:26] MoviesRepositoryTest::testSearch.INFO: PASSED [] []
[2014-04-20 10:23:26] MoviesRepositoryTest::testGetMoviesByCity.ALERT: Failed asserting that 1 matches expected 2. [] []
[2014-04-20 10:23:26] MoviesRepositoryTest::testGetMoviesByCity.INFO: # FAILED # [] []
[2014-04-20 10:23:26] MoviesRepositoryTest::testGetMoviesByCity.INFO: PASSED [] []
[2014-04-20 10:23:35] MoviesRepositoryTest::testGetCurrentMovies.INFO: PASSED [] []
[2014-04-20 10:23:35] MoviesRepositoryTest::testSearch.INFO: PASSED [] []
[2014-04-20 10:23:35] MoviesRepositoryTest::testGetMoviesByCity.INFO: PASSED [] []
[2014-04-20 10:25:55] MoviesRepositoryTest::testGetCurrentMovies.INFO: PASSED [] []
[2014-04-20 10:25:55] MoviesRepositoryTest::testSearch.INFO: PASSED [] []
[2014-04-20 10:25:55] MoviesRepositoryTest::testGetMoviesByCity.INFO: PASSED [] []
[2014-04-20 10:27:11] MoviesRepositoryTest::testGetCurrentMovies.INFO: PASSED [] []
[2014-04-20 10:27:11] MoviesRepositoryTest::testSearch.INFO: PASSED [] []
[2014-04-20 10:27:11] MoviesRepositoryTest::testGetMoviesByCity.INFO: PASSED [] []
[2014-04-20 10:27:11] MoviesRepositoryTest::testGetAllMovies.INFO: PASSED [] []
[2014-04-20 10:28:16] MoviesRepositoryTest::testGetCurrentMovies.INFO: PASSED [] []
[2014-04-20 10:28:16] MoviesRepositoryTest::testSearch.INFO: PASSED [] []
[2014-04-20 10:28:16] MoviesRepositoryTest::testGetMoviesByCity.INFO: PASSED [] []
[2014-04-20 10:28:16] MoviesRepositoryTest::testGetAllMovies.INFO: PASSED [] []
[2014-04-20 10:28:16] MoviesRepositoryTest::testGetCoverMovies.ALERT: Failed asserting that 0 matches expected 2. [] []
[2014-04-20 10:28:16] MoviesRepositoryTest::testGetCoverMovies.INFO: # FAILED # [] []
[2014-04-20 10:28:16] MoviesRepositoryTest::testGetCoverMovies.INFO: PASSED [] []
[2014-04-20 10:28:52] MoviesRepositoryTest::testGetCurrentMovies.INFO: PASSED [] []
[2014-04-20 10:28:52] MoviesRepositoryTest::testSearch.INFO: PASSED [] []
[2014-04-20 10:28:52] MoviesRepositoryTest::testGetMoviesByCity.INFO: PASSED [] []
[2014-04-20 10:28:52] MoviesRepositoryTest::testGetAllMovies.INFO: PASSED [] []
[2014-04-20 10:28:52] MoviesRepositoryTest::testGetCoverMovies.INFO: PASSED [] []
[2014-04-20 10:31:32] CinemasRepositoryTest::testGetCitiesOfMovies.ALERT: Class 'Cinhetic\PublicBundle\Entity\Cinemas' does not exist [] []
[2014-04-20 10:31:32] CinemasRepositoryTest::testGetCitiesOfMovies.INFO: # ERROR # [] []
[2014-04-20 10:31:32] CinemasRepositoryTest::testGetCitiesOfMovies.INFO: PASSED [] []
[2014-04-20 10:31:32] MoviesRepositoryTest::testGetCurrentMovies.INFO: PASSED [] []
[2014-04-20 10:31:32] MoviesRepositoryTest::testSearch.INFO: PASSED [] []
[2014-04-20 10:31:32] MoviesRepositoryTest::testGetMoviesByCity.INFO: PASSED [] []
[2014-04-20 10:31:32] MoviesRepositoryTest::testGetAllMovies.INFO: PASSED [] []
[2014-04-20 10:31:32] MoviesRepositoryTest::testGetCoverMovies.INFO: PASSED [] []
[2014-04-20 10:31:48] CinemasRepositoryTest::testGetCitiesOfMovies.ALERT: Failed asserting that 5 matches expected 2. [] []
[2014-04-20 10:31:48] CinemasRepositoryTest::testGetCitiesOfMovies.INFO: # FAILED # [] []
[2014-04-20 10:31:48] CinemasRepositoryTest::testGetCitiesOfMovies.INFO: PASSED [] []
[2014-04-20 10:31:48] MoviesRepositoryTest::testGetCurrentMovies.INFO: PASSED [] []
[2014-04-20 10:31:48] MoviesRepositoryTest::testSearch.INFO: PASSED [] []
[2014-04-20 10:31:48] MoviesRepositoryTest::testGetMoviesByCity.INFO: PASSED [] []
[2014-04-20 10:31:48] MoviesRepositoryTest::testGetAllMovies.INFO: PASSED [] []
[2014-04-20 10:31:48] MoviesRepositoryTest::testGetCoverMovies.INFO: PASSED [] []
[2014-04-20 10:31:59] CinemasRepositoryTest::testGetCitiesOfMovies.INFO: PASSED [] []
[2014-04-20 10:31:59] MoviesRepositoryTest::testGetCurrentMovies.INFO: PASSED [] []
[2014-04-20 10:31:59] MoviesRepositoryTest::testSearch.INFO: PASSED [] []
[2014-04-20 10:31:59] MoviesRepositoryTest::testGetMoviesByCity.INFO: PASSED [] []
[2014-04-20 10:31:59] MoviesRepositoryTest::testGetAllMovies.INFO: PASSED [] []
[2014-04-20 10:31:59] MoviesRepositoryTest::testGetCoverMovies.INFO: PASSED [] []
[2014-04-20 10:33:24] CinemasRepositoryTest::testGetCitiesOfMovies.INFO: PASSED [] []
[2014-04-20 10:33:26] MoviesRepositoryTest::testGetCurrentMovies.INFO: PASSED [] []
[2014-04-20 10:33:26] MoviesRepositoryTest::testSearch.INFO: PASSED [] []
[2014-04-20 10:33:26] MoviesRepositoryTest::testGetMoviesByCity.INFO: PASSED [] []
[2014-04-20 10:33:26] MoviesRepositoryTest::testGetAllMovies.INFO: PASSED [] []
[2014-04-20 10:33:26] MoviesRepositoryTest::testGetCoverMovies.INFO: PASSED [] []
[2014-04-20 10:33:27] SessionsRepositoryTest::testGetNextSessions.INFO: PASSED [] []
[2014-04-20 10:33:34] CinemasRepositoryTest::testGetCitiesOfMovies.INFO: PASSED [] []
[2014-04-20 10:33:34] MoviesRepositoryTest::testGetCurrentMovies.INFO: PASSED [] []
[2014-04-20 10:33:34] MoviesRepositoryTest::testSearch.INFO: PASSED [] []
[2014-04-20 10:33:34] MoviesRepositoryTest::testGetMoviesByCity.INFO: PASSED [] []
[2014-04-20 10:33:34] MoviesRepositoryTest::testGetAllMovies.INFO: PASSED [] []
[2014-04-20 10:33:34] MoviesRepositoryTest::testGetCoverMovies.INFO: PASSED [] []
[2014-04-20 10:33:34] SessionsRepositoryTest::testGetNextSessions.INFO: PASSED [] []
[2014-04-20 10:34:38] CinemasRepositoryTest::testGetCitiesOfMovies.INFO: PASSED [] []
[2014-04-20 10:34:38] MoviesRepositoryTest::testGetCurrentMovies.INFO: PASSED [] []
[2014-04-20 10:34:38] MoviesRepositoryTest::testSearch.INFO: PASSED [] []
[2014-04-20 10:34:38] MoviesRepositoryTest::testGetMoviesByCity.INFO: PASSED [] []
[2014-04-20 10:34:38] MoviesRepositoryTest::testGetAllMovies.INFO: PASSED [] []
[2014-04-20 10:34:38] MoviesRepositoryTest::testGetCoverMovies.INFO: PASSED [] []
[2014-04-20 10:34:38] SessionsRepositoryTest::testGetNextSessions.INFO: PASSED [] []
[2014-04-20 10:34:38] UserRepositoryTest::testGetActiveUserQueryBuilder.ALERT: Undefined method 'getActiveUserQueryBuilder'. The method name must start with either findBy or findOneBy! [] []
[2014-04-20 10:34:38] UserRepositoryTest::testGetActiveUserQueryBuilder.INFO: # ERROR # [] []
[2014-04-20 10:34:38] UserRepositoryTest::testGetActiveUserQueryBuilder.INFO: PASSED [] []
[2014-04-20 10:34:47] CinemasRepositoryTest::testGetCitiesOfMovies.INFO: PASSED [] []
[2014-04-20 10:34:47] MoviesRepositoryTest::testGetCurrentMovies.INFO: PASSED [] []
[2014-04-20 10:34:47] MoviesRepositoryTest::testSearch.INFO: PASSED [] []
[2014-04-20 10:34:47] MoviesRepositoryTest::testGetMoviesByCity.INFO: PASSED [] []
[2014-04-20 10:34:47] MoviesRepositoryTest::testGetAllMovies.INFO: PASSED [] []
[2014-04-20 10:34:47] MoviesRepositoryTest::testGetCoverMovies.INFO: PASSED [] []
[2014-04-20 10:34:47] SessionsRepositoryTest::testGetNextSessions.INFO: PASSED [] []
[2014-04-20 10:34:48] UserRepositoryTest::testGetActiveUserQueryBuilder.INFO: PASSED [] []
[2014-04-20 10:39:47] CinemasRepositoryTest::testGetCitiesOfMovies.INFO: PASSED [] []
[2014-04-20 10:39:47] MoviesRepositoryTest::testGetCurrentMovies.INFO: PASSED [] []
[2014-04-20 10:39:47] MoviesRepositoryTest::testSearch.INFO: PASSED [] []
[2014-04-20 10:39:47] MoviesRepositoryTest::testGetMoviesByCity.INFO: PASSED [] []
[2014-04-20 10:39:47] MoviesRepositoryTest::testGetAllMovies.INFO: PASSED [] []
[2014-04-20 10:39:47] MoviesRepositoryTest::testGetCoverMovies.INFO: PASSED [] []
[2014-04-20 10:39:47] SessionsRepositoryTest::testGetNextSessions.INFO: PASSED [] []
[2014-04-20 10:39:47] UserRepositoryTest::testGetActiveUserQueryBuilder.INFO: PASSED [] []
[2014-04-20 10:43:39] IpnListenerTest::testOnPayboxIpnResponse.INFO: PASSED [] []
[2014-04-20 10:43:39] CinemasRepositoryTest::testGetCitiesOfMovies.INFO: PASSED [] []
[2014-04-20 10:43:39] MoviesRepositoryTest::testGetCurrentMovies.INFO: PASSED [] []
[2014-04-20 10:43:39] MoviesRepositoryTest::testSearch.INFO: PASSED [] []
[2014-04-20 10:43:39] MoviesRepositoryTest::testGetMoviesByCity.INFO: PASSED [] []
[2014-04-20 10:43:39] MoviesRepositoryTest::testGetAllMovies.INFO: PASSED [] []
[2014-04-20 10:43:39] MoviesRepositoryTest::testGetCoverMovies.INFO: PASSED [] []
[2014-04-20 10:43:39] SessionsRepositoryTest::testGetNextSessions.INFO: PASSED [] []
[2014-04-20 10:43:39] UserRepositoryTest::testGetActiveUserQueryBuilder.INFO: PASSED [] []
[2014-04-20 10:44:22] IpnListenerTest::testOnPayboxIpnResponse.ALERT: Argument 1 passed to Cinhetic\PublicBundle\Listener\IpnListener::onPayboxIpnResponse() must be an instance of Lexik\Bundle\PayboxBundle\Event\PayboxResponseEvent, string given, called in /var/www/cinhetic/tests/unit/Listener/IpnListenerTest.php on line 32 and defined [] []
[2014-04-20 10:44:23] IpnListenerTest::testOnPayboxIpnResponse.INFO: # ERROR # [] []
[2014-04-20 10:44:23] IpnListenerTest::testOnPayboxIpnResponse.INFO: PASSED [] []
[2014-04-20 10:44:23] CinemasRepositoryTest::testGetCitiesOfMovies.INFO: PASSED [] []
[2014-04-20 10:44:23] MoviesRepositoryTest::testGetCurrentMovies.INFO: PASSED [] []
[2014-04-20 10:44:23] MoviesRepositoryTest::testSearch.INFO: PASSED [] []
[2014-04-20 10:44:23] MoviesRepositoryTest::testGetMoviesByCity.INFO: PASSED [] []
[2014-04-20 10:44:23] MoviesRepositoryTest::testGetAllMovies.INFO: PASSED [] []
[2014-04-20 10:44:23] MoviesRepositoryTest::testGetCoverMovies.INFO: PASSED [] []
[2014-04-20 10:44:23] SessionsRepositoryTest::testGetNextSessions.INFO: PASSED [] []
[2014-04-20 10:44:23] UserRepositoryTest::testGetActiveUserQueryBuilder.INFO: PASSED [] []
[2014-04-20 10:45:42] IpnListenerTest::testOnPayboxIpnResponse.ALERT: Argument 1 passed to Lexik\Bundle\PayboxBundle\Event\PayboxResponseEvent::__construct() must be of the type array, string given, called in /var/www/cinhetic/tests/unit/Listener/IpnListenerTest.php on line 33 and defined [] []
[2014-04-20 10:45:42] IpnListenerTest::testOnPayboxIpnResponse.INFO: # ERROR # [] []
[2014-04-20 10:45:42] IpnListenerTest::testOnPayboxIpnResponse.INFO: PASSED [] []
[2014-04-20 10:45:42] CinemasRepositoryTest::testGetCitiesOfMovies.INFO: PASSED [] []
[2014-04-20 10:45:42] MoviesRepositoryTest::testGetCurrentMovies.INFO: PASSED [] []
[2014-04-20 10:45:42] MoviesRepositoryTest::testSearch.INFO: PASSED [] []
[2014-04-20 10:45:42] MoviesRepositoryTest::testGetMoviesByCity.INFO: PASSED [] []
[2014-04-20 10:45:42] MoviesRepositoryTest::testGetAllMovies.INFO: PASSED [] []
[2014-04-20 10:45:42] MoviesRepositoryTest::testGetCoverMovies.INFO: PASSED [] []
[2014-04-20 10:45:42] SessionsRepositoryTest::testGetNextSessions.INFO: PASSED [] []
[2014-04-20 10:45:42] UserRepositoryTest::testGetActiveUserQueryBuilder.INFO: PASSED [] []
[2014-04-20 10:46:28] IpnListenerTest::testOnPayboxIpnResponse.INFO: PASSED [] []
[2014-04-20 10:46:28] CinemasRepositoryTest::testGetCitiesOfMovies.INFO: PASSED [] []
[2014-04-20 10:46:28] MoviesRepositoryTest::testGetCurrentMovies.INFO: PASSED [] []
[2014-04-20 10:46:28] MoviesRepositoryTest::testSearch.INFO: PASSED [] []
[2014-04-20 10:46:28] MoviesRepositoryTest::testGetMoviesByCity.INFO: PASSED [] []
[2014-04-20 10:46:28] MoviesRepositoryTest::testGetAllMovies.INFO: PASSED [] []
[2014-04-20 10:46:28] MoviesRepositoryTest::testGetCoverMovies.INFO: PASSED [] []
[2014-04-20 10:46:30] SessionsRepositoryTest::testGetNextSessions.INFO: PASSED [] []
[2014-04-20 10:46:30] UserRepositoryTest::testGetActiveUserQueryBuilder.INFO: PASSED [] []
[2014-04-20 10:47:56] IpnListenerTest::testOnPayboxIpnResponse.INFO: PASSED [] []
[2014-04-20 10:47:56] CinemasRepositoryTest::testGetCitiesOfMovies.INFO: PASSED [] []
[2014-04-20 10:47:56] MoviesRepositoryTest::testGetCurrentMovies.INFO: PASSED [] []
[2014-04-20 10:47:56] MoviesRepositoryTest::testSearch.INFO: PASSED [] []
[2014-04-20 10:47:56] MoviesRepositoryTest::testGetMoviesByCity.INFO: PASSED [] []
[2014-04-20 10:47:56] MoviesRepositoryTest::testGetAllMovies.INFO: PASSED [] []
[2014-04-20 10:47:56] MoviesRepositoryTest::testGetCoverMovies.INFO: PASSED [] []
[2014-04-20 10:47:56] SessionsRepositoryTest::testGetNextSessions.INFO: PASSED [] []
[2014-04-20 10:47:56] UserRepositoryTest::testGetActiveUserQueryBuilder.INFO: PASSED [] []
[2014-04-20 10:59:41] EmailCommandTest::testExecute.ALERT: Argument 1 passed to Cinhetic\PublicBundle\Command\EmailCommand::execute() must implement interface Symfony\Component\Console\Input\InputInterface, none given, called in /var/www/cinhetic/tests/unit/Command/EmailCommandTest.php on line 34 and defined [] []
[2014-04-20 10:59:41] EmailCommandTest::testExecute.INFO: # ERROR # [] []
[2014-04-20 10:59:41] EmailCommandTest::testExecute.INFO: PASSED [] []
[2014-04-20 10:59:41] IpnListenerTest::testOnPayboxIpnResponse.INFO: PASSED [] []
[2014-04-20 10:59:42] CinemasRepositoryTest::testGetCitiesOfMovies.INFO: PASSED [] []
[2014-04-20 10:59:42] MoviesRepositoryTest::testGetCurrentMovies.INFO: PASSED [] []
[2014-04-20 10:59:42] MoviesRepositoryTest::testSearch.INFO: PASSED [] []
[2014-04-20 10:59:42] MoviesRepositoryTest::testGetMoviesByCity.INFO: PASSED [] []
[2014-04-20 10:59:42] MoviesRepositoryTest::testGetAllMovies.INFO: PASSED [] []
[2014-04-20 10:59:42] MoviesRepositoryTest::testGetCoverMovies.INFO: PASSED [] []
[2014-04-20 10:59:42] SessionsRepositoryTest::testGetNextSessions.INFO: PASSED [] []
[2014-04-20 10:59:42] UserRepositoryTest::testGetActiveUserQueryBuilder.INFO: PASSED [] []
[2014-04-20 11:03:50] EmailCommandTest::testExecute.INFO: PASSED [] []
[2014-04-20 11:03:50] IpnListenerTest::testOnPayboxIpnResponse.INFO: PASSED [] []
[2014-04-20 11:03:51] CinemasRepositoryTest::testGetCitiesOfMovies.INFO: PASSED [] []
[2014-04-20 11:03:51] MoviesRepositoryTest::testGetCurrentMovies.INFO: PASSED [] []
[2014-04-20 11:03:51] MoviesRepositoryTest::testSearch.INFO: PASSED [] []
[2014-04-20 11:03:51] MoviesRepositoryTest::testGetMoviesByCity.INFO: PASSED [] []
[2014-04-20 11:03:51] MoviesRepositoryTest::testGetAllMovies.INFO: PASSED [] []
[2014-04-20 11:03:51] MoviesRepositoryTest::testGetCoverMovies.INFO: PASSED [] []
[2014-04-20 11:03:51] SessionsRepositoryTest::testGetNextSessions.INFO: PASSED [] []
[2014-04-20 11:03:51] UserRepositoryTest::testGetActiveUserQueryBuilder.INFO: PASSED [] []
[2014-04-20 11:20:42] EmailCommandTest::testExecute.INFO: PASSED [] []
[2014-04-20 11:20:43] EmailTest::testSend.ALERT: An exception has been thrown during the rendering of a template ("You cannot create a service ("templating.helper.assets") of an inactive scope ("request").") in "::email.html.twig" at line 66. [] []
[2014-04-20 11:20:43] EmailTest::testSend.INFO: # ERROR # [] []
[2014-04-20 11:20:43] EmailTest::testSend.INFO: PASSED [] []
[2014-04-20 11:20:43] IpnListenerTest::testOnPayboxIpnResponse.INFO: PASSED [] []
[2014-04-20 11:20:43] CinemasRepositoryTest::testGetCitiesOfMovies.INFO: PASSED [] []
[2014-04-20 11:20:43] MoviesRepositoryTest::testGetCurrentMovies.INFO: PASSED [] []
[2014-04-20 11:20:44] MoviesRepositoryTest::testSearch.INFO: PASSED [] []
[2014-04-20 11:20:44] MoviesRepositoryTest::testGetMoviesByCity.INFO: PASSED [] []
[2014-04-20 11:20:44] MoviesRepositoryTest::testGetAllMovies.INFO: PASSED [] []
[2014-04-20 11:20:44] MoviesRepositoryTest::testGetCoverMovies.INFO: PASSED [] []
[2014-04-20 11:20:44] SessionsRepositoryTest::testGetNextSessions.INFO: PASSED [] []
[2014-04-20 11:20:44] UserRepositoryTest::testGetActiveUserQueryBuilder.INFO: PASSED [] []
[2014-04-20 11:22:15] EmailTest::testSend.ALERT: An exception has been thrown during the rendering of a template ("You cannot create a service ("templating.helper.assets") of an inactive scope ("request").") in "::email.html.twig" at line 66. [] []
[2014-04-20 11:22:15] EmailTest::testSend.INFO: # ERROR # [] []
[2014-04-20 11:22:15] EmailTest::testSend.INFO: PASSED [] []
[2014-04-20 11:23:50] EmailTest::testSend.INFO: PASSED [] []
[2014-04-20 11:26:43] EmailTest::testSend.INFO: PASSED [] []
[2014-04-20 11:30:59] EmailTest::testSend.INFO: PASSED [] []
[2014-04-20 11:31:50] EmailTest::testSend.INFO: PASSED [] []
